app/code/community/Preguntas/Products/Block/Adminhtml/Catalog/Product/Edit/Tab/Pregunta.php
app/code/community/Preguntas/Products/Block/Adminhtml/Helper/Column/Renderer/Relation.php
app/code/community/Preguntas/Products/Block/Adminhtml/Pregunta.php
app/code/community/Preguntas/Products/Block/Adminhtml/Pregunta/Edit.php
app/code/community/Preguntas/Products/Block/Adminhtml/Pregunta/Edit/Form.php
app/code/community/Preguntas/Products/Block/Adminhtml/Pregunta/Edit/Tab/Form.php
app/code/community/Preguntas/Products/Block/Adminhtml/Pregunta/Edit/Tab/Product.php
app/code/community/Preguntas/Products/Block/Adminhtml/Pregunta/Edit/Tabs.php
app/code/community/Preguntas/Products/Block/Adminhtml/Pregunta/Grid.php
app/code/community/Preguntas/Products/Block/Catalog/Product/List/Pregunta.php
app/code/community/Preguntas/Products/Block/Pregunta/List.php
app/code/community/Preguntas/Products/Controller/Adminhtml/Products.php
app/code/community/Preguntas/Products/Helper/Data.php
app/code/community/Preguntas/Products/Helper/Product.php
app/code/community/Preguntas/Products/Model/Adminhtml/Observer.php
app/code/community/Preguntas/Products/Model/Adminhtml/Search/Pregunta.php
app/code/community/Preguntas/Products/Model/Pregunta.php
app/code/community/Preguntas/Products/Model/Pregunta/Product.php
app/code/community/Preguntas/Products/Model/Pregunta/Source.php
app/code/community/Preguntas/Products/Model/Resource/Pregunta.php
app/code/community/Preguntas/Products/Model/Resource/Pregunta/Collection.php
app/code/community/Preguntas/Products/Model/Resource/Pregunta/Product.php
app/code/community/Preguntas/Products/Model/Resource/Pregunta/Product/Collection.php
app/code/community/Preguntas/Products/Model/Resource/Setup.php
app/code/community/Preguntas/Products/controllers/Adminhtml/Products/Pregunta/Catalog/ProductController.php
app/code/community/Preguntas/Products/controllers/Adminhtml/Products/PreguntaController.php
app/code/community/Preguntas/Products/etc/adminhtml.xml
app/code/community/Preguntas/Products/etc/config.xml
app/code/community/Preguntas/Products/etc/system.xml
app/code/community/Preguntas/Products/sql/preguntas_products_setup/install-1.0.0.php
app/design/adminhtml/default/default/layout/preguntas_products.xml
app/design/frontend/base/default/layout/preguntas_products.xml
app/design/frontend/base/default/template/preguntas_products/catalog/product/list/pregunta.phtml
app/etc/modules/Preguntas_Products.xml
app/locale/en_US/Preguntas_Products.csv