app/code/community/Banners/Nikolai/Block/Adminhtml/Bannerdt.php
app/code/community/Banners/Nikolai/Block/Adminhtml/Bannerdt/Edit.php
app/code/community/Banners/Nikolai/Block/Adminhtml/Bannerdt/Edit/Form.php
app/code/community/Banners/Nikolai/Block/Adminhtml/Bannerdt/Edit/Tab/Form.php
app/code/community/Banners/Nikolai/Block/Adminhtml/Bannerdt/Edit/Tabs.php
app/code/community/Banners/Nikolai/Block/Adminhtml/Bannerdt/Grid.php
app/code/community/Banners/Nikolai/Block/Adminhtml/Bannerdt/Helper/Image.php
app/code/community/Banners/Nikolai/Controller/Adminhtml/Nikolai.php
app/code/community/Banners/Nikolai/Helper/Bannerdt/Image.php
app/code/community/Banners/Nikolai/Helper/Data.php
app/code/community/Banners/Nikolai/Helper/Image/Abstract.php
app/code/community/Banners/Nikolai/Model/Adminhtml/Search/Bannerdt.php
app/code/community/Banners/Nikolai/Model/Bannerdt.php
app/code/community/Banners/Nikolai/Model/Bannerdt/Attribute/Source/Seccion.php
app/code/community/Banners/Nikolai/Model/Resource/Bannerdt.php
app/code/community/Banners/Nikolai/Model/Resource/Bannerdt/Collection.php
app/code/community/Banners/Nikolai/Model/Resource/Setup.php
app/code/community/Banners/Nikolai/controllers/Adminhtml/Nikolai/BannerdtController.php
app/code/community/Banners/Nikolai/etc/adminhtml.xml
app/code/community/Banners/Nikolai/etc/config.xml
app/code/community/Banners/Nikolai/sql/banners_nikolai_setup/install-1.0.0.php
app/design/adminhtml/default/default/layout/banners_nikolai.xml
app/etc/modules/Banners_Nikolai.xml
app/locale/en_US/Banners_Nikolai.csv
skin/frontend/base/default/images/placeholder/bannerdt.jpg