app/code/community/amazonProducts/AmazonProducts/Block/Adminhtml/Amazonproduct/Abstract.php
app/code/community/amazonProducts/AmazonProducts/Block/Adminhtml/Amazonproduct/Attribute.php
app/code/community/amazonProducts/AmazonProducts/Block/Adminhtml/Amazonproduct/Attribute/Edit.php
app/code/community/amazonProducts/AmazonProducts/Block/Adminhtml/Amazonproduct/Attribute/Edit/Form.php
app/code/community/amazonProducts/AmazonProducts/Block/Adminhtml/Amazonproduct/Attribute/Edit/Tab/Main.php
app/code/community/amazonProducts/AmazonProducts/Block/Adminhtml/Amazonproduct/Attribute/Edit/Tab/Options.php
app/code/community/amazonProducts/AmazonProducts/Block/Adminhtml/Amazonproduct/Attribute/Edit/Tabs.php
app/code/community/amazonProducts/AmazonProducts/Block/Adminhtml/Amazonproduct/Attribute/Grid.php
app/code/community/amazonProducts/AmazonProducts/Block/Adminhtml/Amazonproduct/Edit.php
app/code/community/amazonProducts/AmazonProducts/Block/Adminhtml/Amazonproduct/Edit/Form.php
app/code/community/amazonProducts/AmazonProducts/Block/Adminhtml/Amazonproduct/Edit/Tab/Attributes.php
app/code/community/amazonProducts/AmazonProducts/Block/Adminhtml/Amazonproduct/Edit/Tab/Product.php
app/code/community/amazonProducts/AmazonProducts/Block/Adminhtml/Amazonproduct/Edit/Tabs.php
app/code/community/amazonProducts/AmazonProducts/Block/Adminhtml/Amazonproduct/Helper/File.php
app/code/community/amazonProducts/AmazonProducts/Block/Adminhtml/Amazonproduct/Helper/Image.php
app/code/community/amazonProducts/AmazonProducts/Block/Adminhtml/Amazonproduct/Tree.php
app/code/community/amazonProducts/AmazonProducts/Block/Adminhtml/Amazonproducts/Helper/Form/Wysiwyg/Content.php
app/code/community/amazonProducts/AmazonProducts/Block/Adminhtml/Amazonproducts/Renderer/Fieldset/Element.php
app/code/community/amazonProducts/AmazonProducts/Block/Adminhtml/Catalog/Product/Edit/Tab/Amazonproduct.php
app/code/community/amazonProducts/AmazonProducts/Block/Adminhtml/Helper/Column/Renderer/Relation.php
app/code/community/amazonProducts/AmazonProducts/Block/Amazonproduct/List.php
app/code/community/amazonProducts/AmazonProducts/Block/Catalog/Product/List/Amazonproduct.php
app/code/community/amazonProducts/AmazonProducts/Helper/Amazonproduct.php
app/code/community/amazonProducts/AmazonProducts/Helper/Amazonproduct/Image.php
app/code/community/amazonProducts/AmazonProducts/Helper/Data.php
app/code/community/amazonProducts/AmazonProducts/Helper/Image/Abstract.php
app/code/community/amazonProducts/AmazonProducts/Helper/Product.php
app/code/community/amazonProducts/AmazonProducts/Model/Adminhtml/Observer.php
app/code/community/amazonProducts/AmazonProducts/Model/Amazonproduct.php
app/code/community/amazonProducts/AmazonProducts/Model/Amazonproduct/Attribute/Backend/File.php
app/code/community/amazonProducts/AmazonProducts/Model/Amazonproduct/Attribute/Backend/Image.php
app/code/community/amazonProducts/AmazonProducts/Model/Amazonproduct/Product.php
app/code/community/amazonProducts/AmazonProducts/Model/Amazonproduct/Source.php
app/code/community/amazonProducts/AmazonProducts/Model/Attribute.php
app/code/community/amazonProducts/AmazonProducts/Model/Resource/Amazonproduct.php
app/code/community/amazonProducts/AmazonProducts/Model/Resource/Amazonproduct/Attribute/Collection.php
app/code/community/amazonProducts/AmazonProducts/Model/Resource/Amazonproduct/Collection.php
app/code/community/amazonProducts/AmazonProducts/Model/Resource/Amazonproduct/Product.php
app/code/community/amazonProducts/AmazonProducts/Model/Resource/Amazonproduct/Product/Collection.php
app/code/community/amazonProducts/AmazonProducts/Model/Resource/Amazonproduct/Tree.php
app/code/community/amazonProducts/AmazonProducts/Model/Resource/Attribute.php
app/code/community/amazonProducts/AmazonProducts/Model/Resource/Eav/Attribute.php
app/code/community/amazonProducts/AmazonProducts/Model/Resource/Setup.php
app/code/community/amazonProducts/AmazonProducts/controllers/Adminhtml/Amazonproducts/Amazonproduct/AttributeController.php
app/code/community/amazonProducts/AmazonProducts/controllers/Adminhtml/Amazonproducts/Amazonproduct/Catalog/ProductController.php
app/code/community/amazonProducts/AmazonProducts/controllers/Adminhtml/Amazonproducts/AmazonproductController.php
app/code/community/amazonProducts/AmazonProducts/data/amazonproducts_amazonproducts_setup/data-install-1.0.0.php
app/code/community/amazonProducts/AmazonProducts/etc/adminhtml.xml
app/code/community/amazonProducts/AmazonProducts/etc/config.xml
app/code/community/amazonProducts/AmazonProducts/etc/system.xml
app/code/community/amazonProducts/AmazonProducts/sql/amazonproducts_amazonproducts_setup/install-1.0.0.php
app/design/adminhtml/default/default/layout/amazonproducts_amazonproducts.xml
app/design/adminhtml/default/default/template/amazonproducts_amazonproducts/amazonproduct/edit.phtml
app/design/adminhtml/default/default/template/amazonproducts_amazonproducts/amazonproduct/edit/form.phtml
app/design/adminhtml/default/default/template/amazonproducts_amazonproducts/amazonproduct/tree.phtml
app/design/adminhtml/default/default/template/amazonproducts_amazonproducts/attribute/js.phtml
app/design/adminhtml/default/default/template/amazonproducts_amazonproducts/catalog/product/edit/tab/amazonproduct.phtml
app/design/adminhtml/default/default/template/amazonproducts_amazonproducts/form/renderer/fieldset/element.phtml
app/design/adminhtml/default/default/template/amazonproducts_amazonproducts/grid.phtml
app/design/frontend/base/default/layout/amazonproducts_amazonproducts.xml
app/design/frontend/base/default/template/amazonproducts_amazonproducts/catalog/product/list/amazonproduct.phtml
app/etc/modules/amazonProducts_AmazonProducts.xml
app/locale/en_US/amazonProducts_AmazonProducts.csv
skin/frontend/base/default/css/amazonproducts_amazonproducts/tree.css
skin/frontend/base/default/images/amazonproducts_amazonproducts/collapsed.gif
skin/frontend/base/default/images/amazonproducts_amazonproducts/collapsed.png
skin/frontend/base/default/images/amazonproducts_amazonproducts/expanded.gif
skin/frontend/base/default/images/amazonproducts_amazonproducts/expanded.png
skin/frontend/base/default/images/amazonproducts_amazonproducts/line1.gif
skin/frontend/base/default/images/amazonproducts_amazonproducts/line1.png
skin/frontend/base/default/images/amazonproducts_amazonproducts/line2.gif
skin/frontend/base/default/images/amazonproducts_amazonproducts/line2.png
skin/frontend/base/default/images/placeholder/amazonproduct.jpg
skin/frontend/base/default/js/amazonproducts_amazonproducts/tree.js