app/code/community/Amazon/Products/Block/Adminhtml/Amazon.php
app/code/community/Amazon/Products/Block/Adminhtml/Amazon/Edit.php
app/code/community/Amazon/Products/Block/Adminhtml/Amazon/Edit/Form.php
app/code/community/Amazon/Products/Block/Adminhtml/Amazon/Edit/Tab/Form.php
app/code/community/Amazon/Products/Block/Adminhtml/Amazon/Edit/Tab/Product.php
app/code/community/Amazon/Products/Block/Adminhtml/Amazon/Edit/Tabs.php
app/code/community/Amazon/Products/Block/Adminhtml/Amazon/Grid.php
app/code/community/Amazon/Products/Block/Adminhtml/Catalog/Product/Edit/Tab/Amazon.php
app/code/community/Amazon/Products/Block/Adminhtml/Helper/Column/Renderer/Relation.php
app/code/community/Amazon/Products/Block/Amazon/List.php
app/code/community/Amazon/Products/Block/Catalog/Product/List/Amazon.php
app/code/community/Amazon/Products/Controller/Adminhtml/Products.php
app/code/community/Amazon/Products/Helper/Data.php
app/code/community/Amazon/Products/Helper/Product.php
app/code/community/Amazon/Products/Model/Adminhtml/Observer.php
app/code/community/Amazon/Products/Model/Adminhtml/Search/Amazon.php
app/code/community/Amazon/Products/Model/Amazon.php
app/code/community/Amazon/Products/Model/Amazon/Product.php
app/code/community/Amazon/Products/Model/Amazon/Source.php
app/code/community/Amazon/Products/Model/Resource/Amazon.php
app/code/community/Amazon/Products/Model/Resource/Amazon/Collection.php
app/code/community/Amazon/Products/Model/Resource/Amazon/Product.php
app/code/community/Amazon/Products/Model/Resource/Amazon/Product/Collection.php
app/code/community/Amazon/Products/Model/Resource/Setup.php
app/code/community/Amazon/Products/controllers/Adminhtml/Products/Amazon/Catalog/ProductController.php
app/code/community/Amazon/Products/controllers/Adminhtml/Products/AmazonController.php
app/code/community/Amazon/Products/etc/adminhtml.xml
app/code/community/Amazon/Products/etc/config.xml
app/code/community/Amazon/Products/etc/system.xml
app/code/community/Amazon/Products/sql/amazon_products_setup/install-1.0.0.php
app/design/adminhtml/default/default/layout/amazon_products.xml
app/design/frontend/base/default/layout/amazon_products.xml
app/design/frontend/base/default/template/amazon_products/catalog/product/list/amazon.phtml
app/etc/modules/Amazon_Products.xml
app/locale/en_US/Amazon_Products.csv